Performing C SOURCE FILE Test CMAKE_HAVE_LIBC_PTHREAD failed with the following output:
Change Dir: /home/darthnerda/Code/allolib_playground/Darthnerda/assignment/distributed/build/distributed-app/Release/CMakeFiles/CMakeTmp

Run Build Command(s):/usr/bin/make cmTC_797a9/fast && /usr/bin/make -f CMakeFiles/cmTC_797a9.dir/build.make CMakeFiles/cmTC_797a9.dir/build
make[1]: Entering directory '/home/darthnerda/Code/allolib_playground/Darthnerda/assignment/distributed/build/distributed-app/Release/CMakeFiles/CMakeTmp'
Building C object CMakeFiles/cmTC_797a9.dir/src.c.o
/usr/bin/cc   -DCMAKE_HAVE_LIBC_PTHREAD   -o CMakeFiles/cmTC_797a9.dir/src.c.o   -c /home/darthnerda/Code/allolib_playground/Darthnerda/assignment/distributed/build/distributed-app/Release/CMakeFiles/CMakeTmp/src.c
Linking C executable cmTC_797a9
/usr/local/bin/cmake -E cmake_link_script CMakeFiles/cmTC_797a9.dir/link.txt --verbose=1
/usr/bin/cc  -DCMAKE_HAVE_LIBC_PTHREAD    -rdynamic CMakeFiles/cmTC_797a9.dir/src.c.o  -o cmTC_797a9 
CMakeFiles/cmTC_797a9.dir/src.c.o: In function `main':
src.c:(.text+0x3c): undefined reference to `pthread_create'
src.c:(.text+0x48): undefined reference to `pthread_detach'
src.c:(.text+0x59): undefined reference to `pthread_join'
src.c:(.text+0x6d): undefined reference to `pthread_atfork'
collect2: error: ld returned 1 exit status
CMakeFiles/cmTC_797a9.dir/build.make:86: recipe for target 'cmTC_797a9' failed
make[1]: *** [cmTC_797a9] Error 1
make[1]: Leaving directory '/home/darthnerda/Code/allolib_playground/Darthnerda/assignment/distributed/build/distributed-app/Release/CMakeFiles/CMakeTmp'
Makefile:121: recipe for target 'cmTC_797a9/fast' failed
make: *** [cmTC_797a9/fast] Error 2


Source file was:
#include <pthread.h>

void* test_func(void* data)
{
  return data;
}

int main(void)
{
  pthread_t thread;
  pthread_create(&thread, NULL, test_func, NULL);
  pthread_detach(thread);
  pthread_join(thread, NULL);
  pthread_atfork(NULL, NULL, NULL);
  pthread_exit(NULL);

  return 0;
}

Determining if the function pthread_create exists in the pthreads failed with the following output:
Change Dir: /home/darthnerda/Code/allolib_playground/Darthnerda/assignment/distributed/build/distributed-app/Release/CMakeFiles/CMakeTmp

Run Build Command(s):/usr/bin/make cmTC_10d4c/fast && /usr/bin/make -f CMakeFiles/cmTC_10d4c.dir/build.make CMakeFiles/cmTC_10d4c.dir/build
make[1]: Entering directory '/home/darthnerda/Code/allolib_playground/Darthnerda/assignment/distributed/build/distributed-app/Release/CMakeFiles/CMakeTmp'
Building C object CMakeFiles/cmTC_10d4c.dir/CheckFunctionExists.c.o
/usr/bin/cc   -DCHECK_FUNCTION_EXISTS=pthread_create   -o CMakeFiles/cmTC_10d4c.dir/CheckFunctionExists.c.o   -c /usr/local/share/cmake-3.16/Modules/CheckFunctionExists.c
Linking C executable cmTC_10d4c
/usr/local/bin/cmake -E cmake_link_script CMakeFiles/cmTC_10d4c.dir/link.txt --verbose=1
/usr/bin/cc  -DCHECK_FUNCTION_EXISTS=pthread_create    -rdynamic CMakeFiles/cmTC_10d4c.dir/CheckFunctionExists.c.o  -o cmTC_10d4c  -lpthreads 
/usr/bin/ld: cannot find -lpthreads
collect2: error: ld returned 1 exit status
CMakeFiles/cmTC_10d4c.dir/build.make:86: recipe for target 'cmTC_10d4c' failed
make[1]: *** [cmTC_10d4c] Error 1
make[1]: Leaving directory '/home/darthnerda/Code/allolib_playground/Darthnerda/assignment/distributed/build/distributed-app/Release/CMakeFiles/CMakeTmp'
Makefile:121: recipe for target 'cmTC_10d4c/fast' failed
make: *** [cmTC_10d4c/fast] Error 2



